<?xml version="1.0" encoding="UTF-8"?>
<testsuite xmlns:xsi="http://www.w3.org/2001/XMLSchema-instance" xsi:noNamespaceSchemaLocation="https://maven.apache.org/surefire/maven-surefire-plugin/xsd/surefire-test-report-3.0.xsd" version="3.0" name="io.github.projec.openubl.quarkus.xbuilder.test.QuarkusXbuilderTest" time="2.993" tests="1" errors="0" skipped="0" failures="0">
  <properties>
[...]
</properties>
  <testcase name="writeYourOwnUnitTest" classname="io.github.projec.openubl.quarkus.xbuilder.test.QuarkusXbuilderTest" time="0.019">
    <system-out><![CDATA[Downloading from jboss-releases: https://repository.jboss.org/nexus/content/repositories/thirdparty-releases/io/quarkus/quarkus-bom-quarkus-platform-properties/2.12.0.Final/quarkus-bom-quarkus-platform-properties-2.12.0.Final.properties
Downloading from jboss-public-repository-group: https://repository.jboss.org/nexus/content/groups/public-jboss/io/quarkus/quarkus-bom-quarkus-platform-properties/2.12.0.Final/quarkus-bom-quarkus-platform-properties-2.12.0.Final.properties
Downloading from central: https://repo.maven.apache.org/maven2/io/quarkus/quarkus-bom-quarkus-platform-properties/2.12.0.Final/quarkus-bom-quarkus-platform-properties-2.12.0.Final.properties
Progress (1): quarkus-bom-quarkus-platform-properties-2.12.0.Final.properties (45 B)                                                                                    Downloaded from central: https://repo.maven.apache.org/maven2/io/quarkus/quarkus-bom-quarkus-platform-properties/2.12.0.Final/quarkus-bom-quarkus-platform-properties-2.12.0.Final.properties (45 B at 321 B/s)
2022-08-26 21:12:58,455 INFO  [io.quarkus] (main) quarkus-xbuilder-deployment 1.0.0-SNAPSHOT on JVM (powered by Quarkus 2.12.0.Final) started in 0.130s. 
2022-08-26 21:12:58,456 INFO  [io.quarkus] (main) Profile test activated. 
2022-08-26 21:12:58,456 INFO  [io.quarkus] (main) Installed features: [cdi, quarkus-xbuilder]
]]></system-out>
  </testcase>
</testsuite>